# JRE version: Java(TM) SE Runtime Environment (8.0_66-b18) (build 1.8.0_66-b18)
# Java VM: Java HotSpot(TM) 64-Bit Server VM (25.66-b18 mixed mode windows-amd64 compressed oops)
Heap:
 PSYoungGen      total 102912K, used 82656K [0x00000000eab00000, 0x00000000f1600000, 0x0000000100000000)
  eden space 96256K, 85% used [0x00000000eab00000,0x00000000efbb8010,0x00000000f0900000)
  from space 6656K, 0% used [0x00000000f0f80000,0x00000000f0f80000,0x00000000f1600000)
  to   space 6656K, 0% used [0x00000000f0900000,0x00000000f0900000,0x00000000f0f80000)
 ParOldGen       total 54784K, used 28057K [0x00000000c0000000, 0x00000000c3580000, 0x00000000eab00000)
  object space 54784K, 51% used [0x00000000c0000000,0x00000000c1b664e0,0x00000000c3580000)
 Metaspace       used 4734K, capacity 5464K, committed 5760K, reserved 1056768K
  class space    used 501K, capacity 528K, committed 640K, reserved 1048576K
GC Heap History (10 events):
Event: 1.966 GC heap before
{Heap before GC invocations=5 (full 0):
 PSYoungGen      total 26624K, used 26598K [0x00000000eab00000, 0x00000000ec700000, 0x0000000100000000)
  eden space 24576K, 100% used [0x00000000eab00000,0x00000000ec300000,0x00000000ec300000)
  from space 2048K, 98% used [0x00000000ec500000,0x00000000ec6f9950,0x00000000ec700000)
  to   space 2048K, 0% used [0x00000000ec300000,0x00000000ec300000,0x00000000ec500000)
 ParOldGen       total 32768K, used 15769K [0x00000000c0000000, 0x00000000c2000000, 0x00000000eab00000)
  object space 32768K, 48% used [0x00000000c0000000,0x00000000c0f667a8,0x00000000c2000000)
 Metaspace       used 3978K, capacity 5008K, committed 5120K, reserved 1056768K
  class space    used 423K, capacity 456K, committed 512K, reserved 1048576K
Event: 2.045 GC heap after
Heap after GC invocations=5 (full 0):
 PSYoungGen      total 26624K, used 2022K [0x00000000eab00000, 0x00000000ee600000, 0x0000000100000000)
  eden space 24576K, 0% used [0x00000000eab00000,0x00000000eab00000,0x00000000ec300000)
  from space 2048K, 98% used [0x00000000ec300000,0x00000000ec4f9950,0x00000000ec500000)
  to   space 5632K, 0% used [0x00000000ee080000,0x00000000ee080000,0x00000000ee600000)
 ParOldGen       total 32768K, used 16562K [0x00000000c0000000, 0x00000000c2000000, 0x00000000eab00000)
  object space 32768K, 50% used [0x00000000c0000000,0x00000000c102c808,0x00000000c2000000)
 Metaspace       used 3978K, capacity 5008K, committed 5120K, reserved 1056768K
  class space    used 423K, capacity 456K, committed 512K, reserved 1048576K
}
Event: 2.512 GC heap before
{Heap before GC invocations=6 (full 0):
 PSYoungGen      total 26624K, used 26598K [0x00000000eab00000, 0x00000000ee600000, 0x0000000100000000)
  eden space 24576K, 100% used [0x00000000eab00000,0x00000000ec300000,0x00000000ec300000)
  from space 2048K, 98% used [0x00000000ec300000,0x00000000ec4f9950,0x00000000ec500000)
  to   space 5632K, 0% used [0x00000000ee080000,0x00000000ee080000,0x00000000ee600000)
 ParOldGen       total 32768K, used 16562K [0x00000000c0000000, 0x00000000c2000000, 0x00000000eab00000)
  object space 32768K, 50% used [0x00000000c0000000,0x00000000c102c808,0x00000000c2000000)
 Metaspace       used 4414K, capacity 5424K, committed 5632K, reserved 1056768K
  class space    used 471K, capacity 488K, committed 512K, reserved 1048576K
Event: 2.619 GC heap after
Heap after GC invocations=6 (full 0):
 PSYoungGen      total 53760K, used 5208K [0x00000000eab00000, 0x00000000ee800000, 0x0000000100000000)
  eden space 48128K, 0% used [0x00000000eab00000,0x00000000eab00000,0x00000000eda00000)
  from space 5632K, 92% used [0x00000000ee080000,0x00000000ee596258,0x00000000ee600000)
  to   space 6656K, 0% used [0x00000000eda00000,0x00000000eda00000,0x00000000ee080000)
 ParOldGen       total 32768K, used 16562K [0x00000000c0000000, 0x00000000c2000000, 0x00000000eab00000)
  object space 32768K, 50% used [0x00000000c0000000,0x00000000c102c808,0x00000000c2000000)
 Metaspace       used 4414K, capacity 5424K, committed 5632K, reserved 1056768K
  class space    used 471K, capacity 488K, committed 512K, reserved 1048576K
}
Event: 2.944 GC heap before
{Heap before GC invocations=7 (full 0):
 PSYoungGen      total 53760K, used 53336K [0x00000000eab00000, 0x00000000ee800000, 0x0000000100000000)
  eden space 48128K, 100% used [0x00000000eab00000,0x00000000eda00000,0x00000000eda00000)
  from space 5632K, 92% used [0x00000000ee080000,0x00000000ee596258,0x00000000ee600000)
  to   space 6656K, 0% used [0x00000000eda00000,0x00000000eda00000,0x00000000ee080000)
 ParOldGen       total 32768K, used 16562K [0x00000000c0000000, 0x00000000c2000000, 0x00000000eab00000)
  object space 32768K, 50% used [0x00000000c0000000,0x00000000c102c808,0x00000000c2000000)
 Metaspace       used 4467K, capacity 5424K, committed 5632K, reserved 1056768K
  class space    used 471K, capacity 488K, committed 512K, reserved 1048576K
Event: 2.958 GC heap after
Heap after GC invocations=7 (full 0):
 PSYoungGen      total 54784K, used 4924K [0x00000000eab00000, 0x00000000f1600000, 0x0000000100000000)
  eden space 48128K, 0% used [0x00000000eab00000,0x00000000eab00000,0x00000000eda00000)
  from space 6656K, 73% used [0x00000000eda00000,0x00000000edecf0c8,0x00000000ee080000)
  to   space 6656K, 0% used [0x00000000f0f80000,0x00000000f0f80000,0x00000000f1600000)
 ParOldGen       total 32768K, used 16914K [0x00000000c0000000, 0x00000000c2000000, 0x00000000eab00000)
  object space 32768K, 51% used [0x00000000c0000000,0x00000000c1084b88,0x00000000c2000000)
 Metaspace       used 4467K, capacity 5424K, committed 5632K, reserved 1056768K
  class space    used 471K, capacity 488K, committed 512K, reserved 1048576K
}
Event: 3.384 GC heap before
{Heap before GC invocations=8 (full 0):
 PSYoungGen      total 54784K, used 53052K [0x00000000eab00000, 0x00000000f1600000, 0x0000000100000000)
  eden space 48128K, 100% used [0x00000000eab00000,0x00000000eda00000,0x00000000eda00000)
  from space 6656K, 73% used [0x00000000eda00000,0x00000000edecf0c8,0x00000000ee080000)
  to   space 6656K, 0% used [0x00000000f0f80000,0x00000000f0f80000,0x00000000f1600000)
 ParOldGen       total 32768K, used 16914K [0x00000000c0000000, 0x00000000c2000000, 0x00000000eab00000)
  object space 32768K, 51% used [0x00000000c0000000,0x00000000c1084b88,0x00000000c2000000)
 Metaspace       used 4716K, capacity 5464K, committed 5760K, reserved 1056768K
  class space    used 501K, capacity 528K, committed 640K, reserved 1048576K
Event: 3.563 GC heap after
Heap after GC invocations=8 (full 0):
 PSYoungGen      total 102912K, used 2762K [0x00000000eab00000, 0x00000000f1600000, 0x0000000100000000)
  eden space 96256K, 0% used [0x00000000eab00000,0x00000000eab00000,0x00000000f0900000)
  from space 6656K, 41% used [0x00000000f0f80000,0x00000000f1232980,0x00000000f1600000)
  to   space 6656K, 0% used [0x00000000f0900000,0x00000000f0900000,0x00000000f0f80000)
 ParOldGen       total 32768K, used 32123K [0x00000000c0000000, 0x00000000c2000000, 0x00000000eab00000)
  object space 32768K, 98% used [0x00000000c0000000,0x00000000c1f5ede8,0x00000000c2000000)
 Metaspace       used 4716K, capacity 5464K, committed 5760K, reserved 1056768K
  class space    used 501K, capacity 528K, committed 640K, reserved 1048576K
}
Event: 3.563 GC heap before
{Heap before GC invocations=9 (full 1):
 PSYoungGen      total 102912K, used 2762K [0x00000000eab00000, 0x00000000f1600000, 0x0000000100000000)
  eden space 96256K, 0% used [0x00000000eab00000,0x00000000eab00000,0x00000000f0900000)
  from space 6656K, 41% used [0x00000000f0f80000,0x00000000f1232980,0x00000000f1600000)
  to   space 6656K, 0% used [0x00000000f0900000,0x00000000f0900000,0x00000000f0f80000)
 ParOldGen       total 32768K, used 32123K [0x00000000c0000000, 0x00000000c2000000, 0x00000000eab00000)
  object space 32768K, 98% used [0x00000000c0000000,0x00000000c1f5ede8,0x00000000c2000000)
 Metaspace       used 4716K, capacity 5464K, committed 5760K, reserved 1056768K
  class space    used 501K, capacity 528K, committed 640K, reserved 1048576K
Event: 3.842 GC heap after
Heap after GC invocations=9 (full 1):
 PSYoungGen      total 102912K, used 0K [0x00000000eab00000, 0x00000000f1600000, 0x0000000100000000)
  eden space 96256K, 0% used [0x00000000eab00000,0x00000000eab00000,0x00000000f0900000)
  from space 6656K, 0% used [0x00000000f0f80000,0x00000000f0f80000,0x00000000f1600000)
  to   space 6656K, 0% used [0x00000000f0900000,0x00000000f0900000,0x00000000f0f80000)
 ParOldGen       total 54784K, used 28057K [0x00000000c0000000, 0x00000000c3580000, 0x00000000eab00000)
  object space 54784K, 51% used [0x00000000c0000000,0x00000000c1b664e0,0x00000000c3580000)
 Metaspace       used 4716K, capacity 5464K, committed 5760K, reserved 1056768K
  class space    used 501K, capacity 528K, committed 640K, reserved 1048576K
}

