# JRE version: Java(TM) SE Runtime Environment (8.0_66-b18) (build 1.8.0_66-b18)
# Java VM: Java HotSpot(TM) 64-Bit Server VM (25.66-b18 mixed mode windows-amd64 compressed oops)
Heap:
 PSYoungGen      total 110592K, used 76090K [0x00000000eab00000, 0x00000000f9200000, 0x0000000100000000)
  eden space 97792K, 71% used [0x00000000eab00000,0x00000000eef677a8,0x00000000f0a80000)
  from space 12800K, 47% used [0x00000000f0a80000,0x00000000f10673a8,0x00000000f1700000)
  to   space 20480K, 0% used [0x00000000f7e00000,0x00000000f7e00000,0x00000000f9200000)
 ParOldGen       total 62976K, used 32274K [0x00000000c0000000, 0x00000000c3d80000, 0x00000000eab00000)
  object space 62976K, 51% used [0x00000000c0000000,0x00000000c1f84b58,0x00000000c3d80000)
 Metaspace       used 6898K, capacity 7640K, committed 7936K, reserved 1056768K
  class space    used 627K, capacity 656K, committed 768K, reserved 1048576K
GC Heap History (10 events):
Event: 10.308 GC heap before
{Heap before GC invocations=4 (full 0):
 PSYoungGen      total 26624K, used 26592K [0x00000000eab00000, 0x00000000edf00000, 0x0000000100000000)
  eden space 24576K, 100% used [0x00000000eab00000,0x00000000ec300000,0x00000000ec300000)
  from space 2048K, 98% used [0x00000000ec300000,0x00000000ec4f8010,0x00000000ec500000)
  to   space 2048K, 0% used [0x00000000edd00000,0x00000000edd00000,0x00000000edf00000)
 ParOldGen       total 32768K, used 4749K [0x00000000c0000000, 0x00000000c2000000, 0x00000000eab00000)
  object space 32768K, 14% used [0x00000000c0000000,0x00000000c04a36a8,0x00000000c2000000)
 Metaspace       used 6172K, capacity 7024K, committed 7296K, reserved 1056768K
  class space    used 596K, capacity 616K, committed 640K, reserved 1048576K
Event: 10.429 GC heap after
Heap after GC invocations=4 (full 0):
 PSYoungGen      total 51200K, used 2048K [0x00000000eab00000, 0x00000000edf00000, 0x0000000100000000)
  eden space 49152K, 0% used [0x00000000eab00000,0x00000000eab00000,0x00000000edb00000)
  from space 2048K, 100% used [0x00000000edd00000,0x00000000edf00000,0x00000000edf00000)
  to   space 2048K, 0% used [0x00000000edb00000,0x00000000edb00000,0x00000000edd00000)
 ParOldGen       total 32768K, used 8344K [0x00000000c0000000, 0x00000000c2000000, 0x00000000eab00000)
  object space 32768K, 25% used [0x00000000c0000000,0x00000000c08261f8,0x00000000c2000000)
 Metaspace       used 6172K, capacity 7024K, committed 7296K, reserved 1056768K
  class space    used 596K, capacity 616K, committed 640K, reserved 1048576K
}
Event: 16.725 GC heap before
{Heap before GC invocations=5 (full 0):
 PSYoungGen      total 51200K, used 51200K [0x00000000eab00000, 0x00000000edf00000, 0x0000000100000000)
  eden space 49152K, 100% used [0x00000000eab00000,0x00000000edb00000,0x00000000edb00000)
  from space 2048K, 100% used [0x00000000edd00000,0x00000000edf00000,0x00000000edf00000)
  to   space 2048K, 0% used [0x00000000edb00000,0x00000000edb00000,0x00000000edd00000)
 ParOldGen       total 32768K, used 8344K [0x00000000c0000000, 0x00000000c2000000, 0x00000000eab00000)
  object space 32768K, 25% used [0x00000000c0000000,0x00000000c08261f8,0x00000000c2000000)
 Metaspace       used 6333K, capacity 7152K, committed 7296K, reserved 1056768K
  class space    used 601K, capacity 616K, committed 640K, reserved 1048576K
Event: 16.789 GC heap after
Heap after GC invocations=5 (full 0):
 PSYoungGen      total 51200K, used 2030K [0x00000000eab00000, 0x00000000f2300000, 0x0000000100000000)
  eden space 49152K, 0% used [0x00000000eab00000,0x00000000eab00000,0x00000000edb00000)
  from space 2048K, 99% used [0x00000000edb00000,0x00000000edcfb890,0x00000000edd00000)
  to   space 12288K, 0% used [0x00000000f1700000,0x00000000f1700000,0x00000000f2300000)
 ParOldGen       total 32768K, used 17486K [0x00000000c0000000, 0x00000000c2000000, 0x00000000eab00000)
  object space 32768K, 53% used [0x00000000c0000000,0x00000000c1113bb0,0x00000000c2000000)
 Metaspace       used 6333K, capacity 7152K, committed 7296K, reserved 1056768K
  class space    used 601K, capacity 616K, committed 640K, reserved 1048576K
}
Event: 17.306 GC heap before
{Heap before GC invocations=6 (full 0):
 PSYoungGen      total 51200K, used 51182K [0x00000000eab00000, 0x00000000f2300000, 0x0000000100000000)
  eden space 49152K, 100% used [0x00000000eab00000,0x00000000edb00000,0x00000000edb00000)
  from space 2048K, 99% used [0x00000000edb00000,0x00000000edcfb890,0x00000000edd00000)
  to   space 12288K, 0% used [0x00000000f1700000,0x00000000f1700000,0x00000000f2300000)
 ParOldGen       total 32768K, used 17486K [0x00000000c0000000, 0x00000000c2000000, 0x00000000eab00000)
  object space 32768K, 53% used [0x00000000c0000000,0x00000000c1113bb0,0x00000000c2000000)
 Metaspace       used 6354K, capacity 7152K, committed 7296K, reserved 1056768K
  class space    used 603K, capacity 616K, committed 640K, reserved 1048576K
Event: 17.379 GC heap after
Heap after GC invocations=6 (full 0):
 PSYoungGen      total 110080K, used 8085K [0x00000000eab00000, 0x00000000f2400000, 0x0000000100000000)
  eden space 97792K, 0% used [0x00000000eab00000,0x00000000eab00000,0x00000000f0a80000)
  from space 12288K, 65% used [0x00000000f1700000,0x00000000f1ee55b0,0x00000000f2300000)
  to   space 12800K, 0% used [0x00000000f0a80000,0x00000000f0a80000,0x00000000f1700000)
 ParOldGen       total 32768K, used 17486K [0x00000000c0000000, 0x00000000c2000000, 0x00000000eab00000)
  object space 32768K, 53% used [0x00000000c0000000,0x00000000c1113bb0,0x00000000c2000000)
 Metaspace       used 6354K, capacity 7152K, committed 7296K, reserved 1056768K
  class space    used 603K, capacity 616K, committed 640K, reserved 1048576K
}
Event: 25.107 GC heap before
{Heap before GC invocations=7 (full 0):
 PSYoungGen      total 110080K, used 105877K [0x00000000eab00000, 0x00000000f2400000, 0x0000000100000000)
  eden space 97792K, 100% used [0x00000000eab00000,0x00000000f0a80000,0x00000000f0a80000)
  from space 12288K, 65% used [0x00000000f1700000,0x00000000f1ee55b0,0x00000000f2300000)
  to   space 12800K, 0% used [0x00000000f0a80000,0x00000000f0a80000,0x00000000f1700000)
 ParOldGen       total 32768K, used 17486K [0x00000000c0000000, 0x00000000c2000000, 0x00000000eab00000)
  object space 32768K, 53% used [0x00000000c0000000,0x00000000c1113bb0,0x00000000c2000000)
 Metaspace       used 6436K, capacity 7216K, committed 7296K, reserved 1056768K
  class space    used 604K, capacity 616K, committed 640K, reserved 1048576K
Event: 25.250 GC heap after
Heap after GC invocations=7 (full 0):
 PSYoungGen      total 110592K, used 12793K [0x00000000eab00000, 0x00000000f9200000, 0x0000000100000000)
  eden space 97792K, 0% used [0x00000000eab00000,0x00000000eab00000,0x00000000f0a80000)
  from space 12800K, 99% used [0x00000000f0a80000,0x00000000f16fe7e8,0x00000000f1700000)
  to   space 20480K, 0% used [0x00000000f7e00000,0x00000000f7e00000,0x00000000f9200000)
 ParOldGen       total 32768K, used 28185K [0x00000000c0000000, 0x00000000c2000000, 0x00000000eab00000)
  object space 32768K, 86% used [0x00000000c0000000,0x00000000c1b86588,0x00000000c2000000)
 Metaspace       used 6436K, capacity 7216K, committed 7296K, reserved 1056768K
  class space    used 604K, capacity 616K, committed 640K, reserved 1048576K
}
Event: 25.250 GC heap before
{Heap before GC invocations=8 (full 1):
 PSYoungGen      total 110592K, used 12793K [0x00000000eab00000, 0x00000000f9200000, 0x0000000100000000)
  eden space 97792K, 0% used [0x00000000eab00000,0x00000000eab00000,0x00000000f0a80000)
  from space 12800K, 99% used [0x00000000f0a80000,0x00000000f16fe7e8,0x00000000f1700000)
  to   space 20480K, 0% used [0x00000000f7e00000,0x00000000f7e00000,0x00000000f9200000)
 ParOldGen       total 32768K, used 28185K [0x00000000c0000000, 0x00000000c2000000, 0x00000000eab00000)
  object space 32768K, 86% used [0x00000000c0000000,0x00000000c1b86588,0x00000000c2000000)
 Metaspace       used 6436K, capacity 7216K, committed 7296K, reserved 1056768K
  class space    used 604K, capacity 616K, committed 640K, reserved 1048576K
Event: 27.037 GC heap after
Heap after GC invocations=8 (full 1):
 PSYoungGen      total 110592K, used 6044K [0x00000000eab00000, 0x00000000f9200000, 0x0000000100000000)
  eden space 97792K, 0% used [0x00000000eab00000,0x00000000eab00000,0x00000000f0a80000)
  from space 12800K, 47% used [0x00000000f0a80000,0x00000000f10673a8,0x00000000f1700000)
  to   space 20480K, 0% used [0x00000000f7e00000,0x00000000f7e00000,0x00000000f9200000)
 ParOldGen       total 62976K, used 32274K [0x00000000c0000000, 0x00000000c3d80000, 0x00000000eab00000)
  object space 62976K, 51% used [0x00000000c0000000,0x00000000c1f84b58,0x00000000c3d80000)
 Metaspace       used 6436K, capacity 7216K, committed 7296K, reserved 1056768K
  class space    used 604K, capacity 616K, committed 640K, reserved 1048576K
}

